2015-08-21 18:12:47 [::1][1][oes96hu7o73llnkf57lci72vc1][error][yii\web\HttpException:400] exception 'yii\web\BadRequestHttpException' with message 'Missing required parameters: scholar_id, school_school_id, allowance_allowance_area' in C:\Users\Syam\smGithub2\SMF-Project\Application\Module 2\Iteration 3\SM Scholarship Foundation\vendor\yiisoft\yii2\web\Controller.php:93
Stack trace:
#0 C:\Users\Syam\smGithub2\SMF-Project\Application\Module 2\Iteration 3\SM Scholarship Foundation\vendor\yiisoft\yii2\base\InlineAction.php(49): yii\web\Controller->bindActionParams(Object(yii\base\InlineAction), Array)
#1 C:\Users\Syam\smGithub2\SMF-Project\Application\Module 2\Iteration 3\SM Scholarship Foundation\vendor\yiisoft\yii2\base\Controller.php(151): yii\base\InlineAction->runWithParams(Array)
#2 C:\Users\Syam\smGithub2\SMF-Project\Application\Module 2\Iteration 3\SM Scholarship Foundation\vendor\yiisoft\yii2\base\Module.php(455): yii\base\Controller->runAction('update', Array)
#3 C:\Users\Syam\smGithub2\SMF-Project\Application\Module 2\Iteration 3\SM Scholarship Foundation\vendor\yiisoft\yii2\web\Application.php(84): yii\base\Module->runAction('scholar/update', Array)
#4 C:\Users\Syam\smGithub2\SMF-Project\Application\Module 2\Iteration 3\SM Scholarship Foundation\vendor\yiisoft\yii2\base\Application.php(375): yii\web\Application->handleRequest(Object(yii\web\Request))
#5 C:\Users\Syam\smGithub2\SMF-Project\Application\Module 2\Iteration 3\SM Scholarship Foundation\backend\web\index.php(18): yii\base\Application->run()
#6 {main}
2015-08-21 18:12:47 [::1][1][oes96hu7o73llnkf57lci72vc1][info][application] $_GET = [
    'r' => 'scholar/update'
    'id' => '1'
]

$_COOKIE = [
    '_csrf' => 'cbc92d55659f96e5afeda0dd2d112456d51cfdcc21f83e95647323b2cd97c9b4a:2:{i:0;s:5:\"_csrf\";i:1;s:32:\"RGL-62MT-RdArE_idzgfHZN1cBjt05iF\";}'
    'PHPSESSID' => 'oes96hu7o73llnkf57lci72vc1'
    '_identity' => '5957a6ed7b486f8c4662189186475a914c7bda38176c2163e15d81ead17cd06ca:2:{i:0;s:9:\"_identity\";i:1;s:46:\"[1,\"5ZxLqHr3NrpD96XosPaJvkquMdma2POj\",2592000]\";}'
]

$_SESSION = [
    '__flash' => []
    '__id' => 1
]

$_SERVER = [
    'MIBDIRS' => 'C:/xampp/php/extras/mibs'
    'MYSQL_HOME' => '\\xampp\\mysql\\bin'
    'OPENSSL_CONF' => 'C:/xampp/apache/bin/openssl.cnf'
    'PHP_PEAR_SYSCONF_DIR' => '\\xampp\\php'
    'PHPRC' => '\\xampp\\php'
    'TMP' => '\\xampp\\tmp'
    'HTTP_HOST' => 'localhost'
    'HTTP_CONNECTION' => 'keep-alive'
    'HTTP_ACCEPT' => 'text/html,application/xhtml+xml,application/xml;q=0.9,image/webp,*/*;q=0.8'
    'HTTP_UPGRADE_INSECURE_REQUESTS' => '1'
    'HTTP_USER_AGENT' => 'Mozilla/5.0 (Windows NT 6.1; WOW64) AppleWebKit/537.36 (KHTML, like Gecko) Chrome/44.0.2403.155 Safari/537.36'
    'HTTP_REFERER' => 'http://localhost/iteration3/backend/web/index.php?r=scholar%2Findex'
    'HTTP_ACCEPT_ENCODING' => 'gzip, deflate, sdch'
    'HTTP_ACCEPT_LANGUAGE' => 'en-US,en;q=0.8,id;q=0.6'
    'HTTP_COOKIE' => '_csrf=cbc92d55659f96e5afeda0dd2d112456d51cfdcc21f83e95647323b2cd97c9b4a%3A2%3A%7Bi%3A0%3Bs%3A5%3A%22_csrf%22%3Bi%3A1%3Bs%3A32%3A%22RGL-62MT-RdArE_idzgfHZN1cBjt05iF%22%3B%7D; PHPSESSID=oes96hu7o73llnkf57lci72vc1; _identity=5957a6ed7b486f8c4662189186475a914c7bda38176c2163e15d81ead17cd06ca%3A2%3A%7Bi%3A0%3Bs%3A9%3A%22_identity%22%3Bi%3A1%3Bs%3A46%3A%22%5B1%2C%225ZxLqHr3NrpD96XosPaJvkquMdma2POj%22%2C2592000%5D%22%3B%7D'
    'PATH' => 'C:\\ProgramData\\Oracle\\Java\\javapath;C:\\Program Files (x86)\\Intel\\iCLS Client\\;C:\\Program Files\\Intel\\iCLS Client\\;C:\\Windows\\system32;C:\\Windows;C:\\Windows\\System32\\Wbem;C:\\Windows\\System32\\WindowsPowerShell\\v1.0\\;C:\\Program Files\\Intel\\Intel(R) Management Engine Components\\DAL;C:\\Program Files\\Intel\\Intel(R) Management Engine Components\\IPT;C:\\Program Files (x86)\\Intel\\Intel(R) Management Engine Components\\DAL;C:\\Program Files (x86)\\Intel\\Intel(R) Management Engine Components\\IPT;C:\\xampp\\php;C:\\ProgramData\\ComposerSetup\\bin;C:\\Program Files\\TortoiseGit\\bin'
    'SystemRoot' => 'C:\\Windows'
    'COMSPEC' => 'C:\\Windows\\system32\\cmd.exe'
    'PATHEXT' => '.COM;.EXE;.BAT;.CMD;.VBS;.VBE;.JS;.JSE;.WSF;.WSH;.MSC'
    'WINDIR' => 'C:\\Windows'
    'SERVER_SIGNATURE' => '<address>Apache/2.4.4 (Win32) OpenSSL/0.9.8y PHP/5.4.16 Server at localhost Port 80</address>
'
    'SERVER_SOFTWARE' => 'Apache/2.4.4 (Win32) OpenSSL/0.9.8y PHP/5.4.16'
    'SERVER_NAME' => 'localhost'
    'SERVER_ADDR' => '::1'
    'SERVER_PORT' => '80'
    'REMOTE_ADDR' => '::1'
    'DOCUMENT_ROOT' => 'C:/xampp/htdocs'
    'REQUEST_SCHEME' => 'http'
    'CONTEXT_PREFIX' => ''
    'CONTEXT_DOCUMENT_ROOT' => 'C:/xampp/htdocs'
    'SERVER_ADMIN' => 'postmaster@localhost'
    'SCRIPT_FILENAME' => 'C:/xampp/htdocs/iteration3/backend/web/index.php'
    'REMOTE_PORT' => '63523'
    'GATEWAY_INTERFACE' => 'CGI/1.1'
    'SERVER_PROTOCOL' => 'HTTP/1.1'
    'REQUEST_METHOD' => 'GET'
    'QUERY_STRING' => 'r=scholar%2Fupdate&id=1'
    'REQUEST_URI' => '/iteration3/backend/web/index.php?r=scholar%2Fupdate&id=1'
    'SCRIPT_NAME' => '/iteration3/backend/web/index.php'
    'PHP_SELF' => '/iteration3/backend/web/index.php'
    'REQUEST_TIME_FLOAT' => 1440173567.072
    'REQUEST_TIME' => 1440173567
]
